2020-12-25 11:32:24,974 DEBUG org.springframework.boot.web.servlet.context.ServletWebServerApplicationContext [main] Published root WebApplicationContext as ServletContext attribute with name [org.springframework.web.context.WebApplicationContext.ROOT]
2020-12-25 11:32:24,977 INFO org.springframework.boot.web.servlet.context.ServletWebServerApplicationContext [main] Root WebApplicationContext: initialization completed in 1243 ms
2020-12-25 11:32:26,446 DEBUG org.springframework.web.servlet.handler.SimpleUrlHandlerMapping [main] Patterns [/**/favicon.ico] in 'faviconHandlerMapping'
2020-12-25 11:32:26,538 DEBUG org.springframework.web.servlet.mvc.method.annotation.RequestMappingHandlerAdapter [main] ControllerAdvice beans: 0 @ModelAttribute, 0 @InitBinder, 1 RequestBodyAdvice, 1 ResponseBodyAdvice
2020-12-25 11:32:26,552 WARN org.springframework.boot.autoconfigure.orm.jpa.JpaBaseConfiguration$JpaWebConfiguration$JpaWebMvcConfiguration [main] spring.jpa.open-in-view is enabled by default. Therefore, database queries may be performed during view rendering. Explicitly configure spring.jpa.open-in-view to disable this warning
2020-12-25 11:32:26,578 DEBUG org.springframework.web.servlet.handler.AbstractHandlerMethodMapping [main] 15 mappings in 'requestMappingHandlerMapping'
2020-12-25 11:32:26,587 DEBUG org.springframework.web.servlet.handler.SimpleUrlHandlerMapping [main] Patterns [/webjars/**, /**] in 'resourceHandlerMapping'
2020-12-25 11:32:26,594 DEBUG org.springframework.web.servlet.mvc.method.annotation.ExceptionHandlerExceptionResolver [main] ControllerAdvice beans: 0 @ExceptionHandler, 1 ResponseBodyAdvice
2020-12-25 11:32:27,606 INFO org.springframework.web.servlet.FrameworkServlet [RMI TCP Connection(1)-127.0.0.1] Initializing Servlet 'dispatcherServlet'
2020-12-25 11:32:27,607 DEBUG org.springframework.web.servlet.DispatcherServlet [RMI TCP Connection(1)-127.0.0.1] Detected StandardServletMultipartResolver
2020-12-25 11:32:27,614 DEBUG org.springframework.web.servlet.FrameworkServlet [RMI TCP Connection(1)-127.0.0.1] enableLoggingRequestDetails='false': request parameters and headers will be masked to prevent unsafe logging of potentially sensitive data
2020-12-25 11:32:27,614 INFO org.springframework.web.servlet.FrameworkServlet [RMI TCP Connection(1)-127.0.0.1] Completed initialization in 7 ms
2020-12-25 11:33:17,939 DEBUG org.springframework.core.log.LogFormatUtils [http-nio-8080-exec-1] POST "/user", parameters={masked}
2020-12-25 11:33:17,944 DEBUG org.springframework.web.servlet.handler.AbstractHandlerMapping [http-nio-8080-exec-1] Mapped to public com.lifeimage.lite.ws.server.security.User com.lifeimage.lite.ws.server.controllers.UserController.login(java.lang.String,java.lang.String)
2020-12-25 11:33:18,030 DEBUG org.springframework.web.servlet.mvc.method.annotation.AbstractMessageConverterMethodProcessor [http-nio-8080-exec-1] Using 'application/json', given [*/*] and supported [application/json, application/*+json, application/json, application/*+json]
2020-12-25 11:33:18,031 DEBUG org.springframework.core.log.LogFormatUtils [http-nio-8080-exec-1] Writing [com.lifeimage.lite.ws.server.security.User@6ae38a7e]
2020-12-25 11:33:18,045 DEBUG org.springframework.web.servlet.FrameworkServlet [http-nio-8080-exec-1] Completed 200 OK
2020-12-25 11:33:44,343 DEBUG org.springframework.core.log.LogFormatUtils [http-nio-8080-exec-3] POST "/li/lite/ws/transaction", parameters={}
2020-12-25 11:33:44,344 DEBUG org.springframework.web.servlet.handler.AbstractHandlerMapping [http-nio-8080-exec-3] Mapped to public com.lifeimage.lite.ws.server.beans.TransactionEntity com.lifeimage.lite.ws.server.controllers.TransactionController.createTransaction(com.lifeimage.lite.ws.server.beans.TransactionEntity)
2020-12-25 11:33:44,362 DEBUG org.springframework.core.log.LogFormatUtils [http-nio-8080-exec-3] Read "application/json;charset=UTF-8" to [com.lifeimage.lite.ws.server.beans.TransactionEntity@315aeda7]
2020-12-25 11:33:44,463 DEBUG org.springframework.web.servlet.mvc.method.annotation.AbstractMessageConverterMethodProcessor [http-nio-8080-exec-3] Using 'application/json', given [*/*] and supported [application/json, application/*+json, application/json, application/*+json]
2020-12-25 11:33:44,463 DEBUG org.springframework.core.log.LogFormatUtils [http-nio-8080-exec-3] Writing [com.lifeimage.lite.ws.server.beans.TransactionEntity@315aeda7]
2020-12-25 11:33:44,465 DEBUG org.springframework.web.servlet.FrameworkServlet [http-nio-8080-exec-3] Completed 200 OK
2020-12-25 11:35:09,065 DEBUG org.springframework.core.log.LogFormatUtils [http-nio-8080-exec-6] "ERROR" dispatch for POST "/error", parameters={}
2020-12-25 11:35:09,068 DEBUG org.springframework.web.servlet.handler.AbstractHandlerMapping [http-nio-8080-exec-6] Mapped to public org.springframework.http.ResponseEntity<java.util.Map<java.lang.String, java.lang.Object>> org.springframework.boot.autoconfigure.web.servlet.error.BasicErrorController.error(javax.servlet.http.HttpServletRequest)
2020-12-25 11:35:09,071 DEBUG org.springframework.web.servlet.mvc.method.annotation.AbstractMessageConverterMethodProcessor [http-nio-8080-exec-6] Using 'application/json', given [*/*] and supported [application/json, application/*+json, application/json, application/*+json]
2020-12-25 11:35:09,071 DEBUG org.springframework.core.log.LogFormatUtils [http-nio-8080-exec-6] Writing [{timestamp=Fri Dec 25 11:35:09 EST 2020, status=403, error=Forbidden, message=JWT expired at 2020-12 (truncated)...]
2020-12-25 11:35:09,074 DEBUG org.springframework.web.servlet.FrameworkServlet [http-nio-8080-exec-6] Exiting from "ERROR" dispatch, status 403
2020-12-25 11:35:45,612 DEBUG org.springframework.core.log.LogFormatUtils [http-nio-8080-exec-7] "ERROR" dispatch for PUT "/error", parameters={}
2020-12-25 11:35:45,612 DEBUG org.springframework.web.servlet.handler.AbstractHandlerMapping [http-nio-8080-exec-7] Mapped to public org.springframework.http.ResponseEntity<java.util.Map<java.lang.String, java.lang.Object>> org.springframework.boot.autoconfigure.web.servlet.error.BasicErrorController.error(javax.servlet.http.HttpServletRequest)
2020-12-25 11:35:45,613 DEBUG org.springframework.web.servlet.mvc.method.annotation.AbstractMessageConverterMethodProcessor [http-nio-8080-exec-7] Using 'application/json', given [*/*] and supported [application/json, application/*+json, application/json, application/*+json]
2020-12-25 11:35:45,614 DEBUG org.springframework.core.log.LogFormatUtils [http-nio-8080-exec-7] Writing [{timestamp=Fri Dec 25 11:35:45 EST 2020, status=403, error=Forbidden, message=JWT expired at 2020-12 (truncated)...]
2020-12-25 11:35:45,615 DEBUG org.springframework.web.servlet.FrameworkServlet [http-nio-8080-exec-7] Exiting from "ERROR" dispatch, status 403
2020-12-25 11:35:56,537 DEBUG org.springframework.core.log.LogFormatUtils [http-nio-8080-exec-8] "ERROR" dispatch for PUT "/error", parameters={}
2020-12-25 11:35:56,538 DEBUG org.springframework.web.servlet.handler.AbstractHandlerMapping [http-nio-8080-exec-8] Mapped to public org.springframework.http.ResponseEntity<java.util.Map<java.lang.String, java.lang.Object>> org.springframework.boot.autoconfigure.web.servlet.error.BasicErrorController.error(javax.servlet.http.HttpServletRequest)
2020-12-25 11:35:56,538 DEBUG org.springframework.web.servlet.mvc.method.annotation.AbstractMessageConverterMethodProcessor [http-nio-8080-exec-8] Using 'application/json', given [*/*] and supported [application/json, application/*+json, application/json, application/*+json]
2020-12-25 11:35:56,539 DEBUG org.springframework.core.log.LogFormatUtils [http-nio-8080-exec-8] Writing [{timestamp=Fri Dec 25 11:35:56 EST 2020, status=403, error=Forbidden, message=JWT strings must conta (truncated)...]
2020-12-25 11:35:56,540 DEBUG org.springframework.web.servlet.FrameworkServlet [http-nio-8080-exec-8] Exiting from "ERROR" dispatch, status 403
2020-12-25 11:38:42,550 DEBUG org.springframework.core.log.LogFormatUtils [http-nio-8080-exec-2] PUT "/li/lite/ws/transaction/39", parameters={}
2020-12-25 11:38:42,551 DEBUG org.springframework.web.servlet.handler.AbstractHandlerMapping [http-nio-8080-exec-2] Mapped to public org.springframework.http.ResponseEntity<com.lifeimage.lite.ws.server.beans.TransactionEntity> com.lifeimage.lite.ws.server.controllers.TransactionController.updateTransaction(java.lang.Long,com.lifeimage.lite.ws.server.beans.TransactionEntity) throws java.lang.Exception
2020-12-25 11:38:42,556 DEBUG org.springframework.core.log.LogFormatUtils [http-nio-8080-exec-2] Read "application/json;charset=UTF-8" to [com.lifeimage.lite.ws.server.beans.TransactionEntity@54041086]
2020-12-25 11:38:42,576 DEBUG org.springframework.web.servlet.mvc.method.annotation.AbstractMessageConverterMethodProcessor [http-nio-8080-exec-2] Using 'application/json', given [*/*] and supported [application/json, application/*+json, application/json, application/*+json]
2020-12-25 11:38:42,577 DEBUG org.springframework.core.log.LogFormatUtils [http-nio-8080-exec-2] Writing [com.lifeimage.lite.ws.server.beans.TransactionEntity@42f6054f]
2020-12-25 11:38:42,578 DEBUG org.springframework.web.servlet.FrameworkServlet [http-nio-8080-exec-2] Completed 200 OK
2020-12-25 11:39:14,462 DEBUG org.springframework.core.log.LogFormatUtils [http-nio-8080-exec-1] PUT "/li/lite/ws/transaction/7", parameters={}
2020-12-25 11:39:14,462 DEBUG org.springframework.web.servlet.handler.AbstractHandlerMapping [http-nio-8080-exec-1] Mapped to public org.springframework.http.ResponseEntity<com.lifeimage.lite.ws.server.beans.TransactionEntity> com.lifeimage.lite.ws.server.controllers.TransactionController.updateTransaction(java.lang.Long,com.lifeimage.lite.ws.server.beans.TransactionEntity) throws java.lang.Exception
2020-12-25 11:39:14,463 DEBUG org.springframework.core.log.LogFormatUtils [http-nio-8080-exec-1] Read "application/json;charset=UTF-8" to [com.lifeimage.lite.ws.server.beans.TransactionEntity@1367e02f]
2020-12-25 11:39:14,468 DEBUG org.springframework.web.servlet.mvc.method.annotation.AbstractMessageConverterMethodProcessor [http-nio-8080-exec-1] Using 'application/json', given [*/*] and supported [application/json, application/*+json, application/json, application/*+json]
2020-12-25 11:39:14,468 DEBUG org.springframework.core.log.LogFormatUtils [http-nio-8080-exec-1] Writing [com.lifeimage.lite.ws.server.beans.TransactionEntity@35822e7d]
2020-12-25 11:39:14,470 DEBUG org.springframework.web.servlet.FrameworkServlet [http-nio-8080-exec-1] Completed 200 OK
2020-12-25 12:21:17,565 DEBUG org.springframework.core.log.LogFormatUtils [http-nio-8080-exec-5] POST "/user", parameters={masked}
2020-12-25 12:21:17,566 DEBUG org.springframework.web.servlet.handler.AbstractHandlerMapping [http-nio-8080-exec-5] Mapped to public com.lifeimage.lite.ws.server.security.User com.lifeimage.lite.ws.server.controllers.UserController.login(java.lang.String,java.lang.String)
2020-12-25 12:21:17,568 DEBUG org.springframework.web.servlet.mvc.method.annotation.AbstractMessageConverterMethodProcessor [http-nio-8080-exec-5] Using 'application/json', given [*/*] and supported [application/json, application/*+json, application/json, application/*+json]
2020-12-25 12:21:17,568 DEBUG org.springframework.core.log.LogFormatUtils [http-nio-8080-exec-5] Writing [com.lifeimage.lite.ws.server.security.User@7e6896bb]
2020-12-25 12:21:17,570 DEBUG org.springframework.web.servlet.FrameworkServlet [http-nio-8080-exec-5] Completed 200 OK
2020-12-25 12:25:14,911 DEBUG org.springframework.core.log.LogFormatUtils [http-nio-8080-exec-1] POST "/user", parameters={masked}
2020-12-25 12:25:14,911 DEBUG org.springframework.web.servlet.handler.AbstractHandlerMapping [http-nio-8080-exec-1] Mapped to public com.lifeimage.lite.ws.server.security.User com.lifeimage.lite.ws.server.controllers.UserController.login(java.lang.String,java.lang.String)
2020-12-25 12:25:14,913 DEBUG org.springframework.web.servlet.mvc.method.annotation.AbstractMessageConverterMethodProcessor [http-nio-8080-exec-1] Using 'application/json', given [*/*] and supported [application/json, application/*+json, application/json, application/*+json]
2020-12-25 12:25:14,913 DEBUG org.springframework.core.log.LogFormatUtils [http-nio-8080-exec-1] Writing [com.lifeimage.lite.ws.server.security.User@66024154]
2020-12-25 12:25:14,914 DEBUG org.springframework.web.servlet.FrameworkServlet [http-nio-8080-exec-1] Completed 200 OK
2020-12-25 12:25:29,884 DEBUG org.springframework.core.log.LogFormatUtils [http-nio-8080-exec-3] "ERROR" dispatch for POST "/error", parameters={}
2020-12-25 12:25:29,885 DEBUG org.springframework.web.servlet.handler.AbstractHandlerMapping [http-nio-8080-exec-3] Mapped to public org.springframework.http.ResponseEntity<java.util.Map<java.lang.String, java.lang.Object>> org.springframework.boot.autoconfigure.web.servlet.error.BasicErrorController.error(javax.servlet.http.HttpServletRequest)
2020-12-25 12:25:29,886 DEBUG org.springframework.web.servlet.mvc.method.annotation.AbstractMessageConverterMethodProcessor [http-nio-8080-exec-3] Using 'application/json', given [*/*] and supported [application/json, application/*+json, application/json, application/*+json]
2020-12-25 12:25:29,886 DEBUG org.springframework.core.log.LogFormatUtils [http-nio-8080-exec-3] Writing [{timestamp=Fri Dec 25 12:25:29 EST 2020, status=403, error=Forbidden, message=Access Denied, path=/l (truncated)...]
2020-12-25 12:25:29,887 DEBUG org.springframework.web.servlet.FrameworkServlet [http-nio-8080-exec-3] Exiting from "ERROR" dispatch, status 403
2020-12-25 12:30:04,956 DEBUG org.springframework.core.log.LogFormatUtils [http-nio-8080-exec-7] GET "/li/lite/ws/transactions", parameters={}
2020-12-25 12:30:04,957 DEBUG org.springframework.web.servlet.handler.AbstractHandlerMapping [http-nio-8080-exec-7] Mapped to public java.util.List<com.lifeimage.lite.ws.server.beans.TransactionEntity> com.lifeimage.lite.ws.server.controllers.TransactionController.getTransactions(com.lifeimage.lite.ws.server.beans.TransactionEntity)
2020-12-25 12:30:04,958 DEBUG org.springframework.core.log.LogFormatUtils [http-nio-8080-exec-7] Read "application/json;charset=UTF-8" to [com.lifeimage.lite.ws.server.beans.TransactionEntity@459f7ca9]
2020-12-25 12:30:04,973 DEBUG org.springframework.web.servlet.mvc.method.annotation.AbstractMessageConverterMethodProcessor [http-nio-8080-exec-7] Using 'application/json', given [*/*] and supported [application/json, application/*+json, application/json, application/*+json]
2020-12-25 12:30:04,973 DEBUG org.springframework.core.log.LogFormatUtils [http-nio-8080-exec-7] Writing [[com.lifeimage.lite.ws.server.beans.TransactionEntity@3d864d74, com.lifeimage.lite.ws.server.beans.T (truncated)...]
2020-12-25 12:30:04,980 DEBUG org.springframework.web.servlet.FrameworkServlet [http-nio-8080-exec-7] Completed 200 OK
2020-12-25 12:37:21,767 DEBUG org.springframework.core.log.LogFormatUtils [http-nio-8080-exec-10] POST "/user", parameters={masked}
2020-12-25 12:37:21,768 DEBUG org.springframework.web.servlet.handler.AbstractHandlerMapping [http-nio-8080-exec-10] Mapped to public com.lifeimage.lite.ws.server.security.User com.lifeimage.lite.ws.server.controllers.UserController.login(java.lang.String,java.lang.String)
2020-12-25 12:37:21,770 DEBUG org.springframework.web.servlet.mvc.method.annotation.AbstractMessageConverterMethodProcessor [http-nio-8080-exec-10] Using 'application/json', given [*/*] and supported [application/json, application/*+json, application/json, application/*+json]
2020-12-25 12:37:21,770 DEBUG org.springframework.core.log.LogFormatUtils [http-nio-8080-exec-10] Writing [com.lifeimage.lite.ws.server.security.User@f30947a]
2020-12-25 12:37:21,771 DEBUG org.springframework.web.servlet.FrameworkServlet [http-nio-8080-exec-10] Completed 200 OK
2020-12-25 12:42:23,769 DEBUG org.springframework.core.log.LogFormatUtils [http-nio-8080-exec-3] GET "/li/lite/ws/transactions", parameters={}
2020-12-25 12:42:23,770 DEBUG org.springframework.web.servlet.handler.AbstractHandlerMapping [http-nio-8080-exec-3] Mapped to public java.util.List<com.lifeimage.lite.ws.server.beans.TransactionEntity> com.lifeimage.lite.ws.server.controllers.TransactionController.getTransactions(com.lifeimage.lite.ws.server.beans.TransactionEntity)
2020-12-25 12:42:23,771 DEBUG org.springframework.core.log.LogFormatUtils [http-nio-8080-exec-3] Read "application/json;charset=UTF-8" to [com.lifeimage.lite.ws.server.beans.TransactionEntity@13edad38]
2020-12-25 12:42:23,783 DEBUG org.springframework.web.servlet.mvc.method.annotation.AbstractMessageConverterMethodProcessor [http-nio-8080-exec-3] Using 'application/json', given [*/*] and supported [application/json, application/*+json, application/json, application/*+json]
2020-12-25 12:42:23,783 DEBUG org.springframework.core.log.LogFormatUtils [http-nio-8080-exec-3] Writing [[com.lifeimage.lite.ws.server.beans.TransactionEntity@68f89736, com.lifeimage.lite.ws.server.beans.T (truncated)...]
2020-12-25 12:42:23,784 DEBUG org.springframework.web.servlet.FrameworkServlet [http-nio-8080-exec-3] Completed 200 OK
