2020-12-18 09:51:09,855 DEBUG org.springframework.boot.web.servlet.context.ServletWebServerApplicationContext [main] Published root WebApplicationContext as ServletContext attribute with name [org.springframework.web.context.WebApplicationContext.ROOT]
2020-12-18 09:51:09,858 INFO org.springframework.boot.web.servlet.context.ServletWebServerApplicationContext [main] Root WebApplicationContext: initialization completed in 1065 ms
2020-12-18 09:51:11,240 DEBUG org.springframework.web.servlet.handler.SimpleUrlHandlerMapping [main] Patterns [/**/favicon.ico] in 'faviconHandlerMapping'
2020-12-18 09:51:11,337 DEBUG org.springframework.web.servlet.mvc.method.annotation.RequestMappingHandlerAdapter [main] ControllerAdvice beans: 0 @ModelAttribute, 0 @InitBinder, 1 RequestBodyAdvice, 1 ResponseBodyAdvice
2020-12-18 09:51:11,353 WARN org.springframework.boot.autoconfigure.orm.jpa.JpaBaseConfiguration$JpaWebConfiguration$JpaWebMvcConfiguration [main] spring.jpa.open-in-view is enabled by default. Therefore, database queries may be performed during view rendering. Explicitly configure spring.jpa.open-in-view to disable this warning
2020-12-18 09:51:11,379 DEBUG org.springframework.web.servlet.handler.AbstractHandlerMethodMapping [main] 14 mappings in 'requestMappingHandlerMapping'
2020-12-18 09:51:11,388 DEBUG org.springframework.web.servlet.handler.SimpleUrlHandlerMapping [main] Patterns [/webjars/**, /**] in 'resourceHandlerMapping'
2020-12-18 09:51:11,395 DEBUG org.springframework.web.servlet.mvc.method.annotation.ExceptionHandlerExceptionResolver [main] ControllerAdvice beans: 0 @ExceptionHandler, 1 ResponseBodyAdvice
2020-12-18 09:51:11,602 ERROR org.apache.juli.logging.DirectJDKLog [main] Failed to start component [Connector[HTTP/1.1-8080]]
org.apache.catalina.LifecycleException: Protocol handler start failed
	at org.apache.catalina.connector.Connector.startInternal(Connector.java:1008)
	at org.apache.catalina.util.LifecycleBase.start(LifecycleBase.java:183)
	at org.apache.catalina.core.StandardService.addConnector(StandardService.java:227)
	at org.springframework.boot.web.embedded.tomcat.TomcatWebServer.addPreviouslyRemovedConnectors(TomcatWebServer.java:263)
	at org.springframework.boot.web.embedded.tomcat.TomcatWebServer.start(TomcatWebServer.java:195)
	at org.springframework.boot.web.servlet.context.ServletWebServerApplicationContext.startWebServer(ServletWebServerApplicationContext.java:296)
	at org.springframework.boot.web.servlet.context.ServletWebServerApplicationContext.finishRefresh(ServletWebServerApplicationContext.java:162)
	at org.springframework.context.support.AbstractApplicationContext.refresh(AbstractApplicationContext.java:552)
	at org.springframework.boot.web.servlet.context.ServletWebServerApplicationContext.refresh(ServletWebServerApplicationContext.java:140)
	at org.springframework.boot.SpringApplication.refresh(SpringApplication.java:742)
	at org.springframework.boot.SpringApplication.refreshContext(SpringApplication.java:389)
	at org.springframework.boot.SpringApplication.run(SpringApplication.java:311)
	at org.springframework.boot.SpringApplication.run(SpringApplication.java:1213)
	at org.springframework.boot.SpringApplication.run(SpringApplication.java:1202)
	at com.lifeimage.lite.ws.server.TransactionTrackingApplication.main(TransactionTrackingApplication.java:24)
Caused by: java.net.BindException: Address already in use
	at java.base/sun.nio.ch.Net.bind0(Native Method)
	at java.base/sun.nio.ch.Net.bind(Net.java:469)
	at java.base/sun.nio.ch.Net.bind(Net.java:458)
	at java.base/sun.nio.ch.ServerSocketChannelImpl.bind(ServerSocketChannelImpl.java:220)
	at java.base/sun.nio.ch.ServerSocketAdaptor.bind(ServerSocketAdaptor.java:88)
	at org.apache.tomcat.util.net.NioEndpoint.initServerSocket(NioEndpoint.java:230)
	at org.apache.tomcat.util.net.NioEndpoint.bind(NioEndpoint.java:213)
	at org.apache.tomcat.util.net.AbstractEndpoint.bindWithCleanup(AbstractEndpoint.java:1124)
	at org.apache.tomcat.util.net.AbstractEndpoint.start(AbstractEndpoint.java:1210)
	at org.apache.coyote.AbstractProtocol.start(AbstractProtocol.java:585)
	at org.apache.catalina.connector.Connector.startInternal(Connector.java:1005)
	... 14 common frames omitted
2020-12-18 09:51:11,613 ERROR org.springframework.boot.diagnostics.LoggingFailureAnalysisReporter [main] 

***************************
APPLICATION FAILED TO START
***************************

Description:

The Tomcat connector configured to listen on port 8080 failed to start. The port may already be in use or the connector may be misconfigured.

Action:

Verify the connector's configuration, identify and stop any process that's listening on port 8080, or configure this application to listen on another port.

2020-12-18 09:52:00,652 DEBUG org.springframework.boot.web.servlet.context.ServletWebServerApplicationContext [main] Published root WebApplicationContext as ServletContext attribute with name [org.springframework.web.context.WebApplicationContext.ROOT]
2020-12-18 09:52:00,653 INFO org.springframework.boot.web.servlet.context.ServletWebServerApplicationContext [main] Root WebApplicationContext: initialization completed in 1053 ms
2020-12-18 09:52:01,976 DEBUG org.springframework.web.servlet.handler.SimpleUrlHandlerMapping [main] Patterns [/**/favicon.ico] in 'faviconHandlerMapping'
2020-12-18 09:52:02,063 DEBUG org.springframework.web.servlet.mvc.method.annotation.RequestMappingHandlerAdapter [main] ControllerAdvice beans: 0 @ModelAttribute, 0 @InitBinder, 1 RequestBodyAdvice, 1 ResponseBodyAdvice
2020-12-18 09:52:02,077 WARN org.springframework.boot.autoconfigure.orm.jpa.JpaBaseConfiguration$JpaWebConfiguration$JpaWebMvcConfiguration [main] spring.jpa.open-in-view is enabled by default. Therefore, database queries may be performed during view rendering. Explicitly configure spring.jpa.open-in-view to disable this warning
2020-12-18 09:52:02,102 DEBUG org.springframework.web.servlet.handler.AbstractHandlerMethodMapping [main] 14 mappings in 'requestMappingHandlerMapping'
2020-12-18 09:52:02,111 DEBUG org.springframework.web.servlet.handler.SimpleUrlHandlerMapping [main] Patterns [/webjars/**, /**] in 'resourceHandlerMapping'
2020-12-18 09:52:02,118 DEBUG org.springframework.web.servlet.mvc.method.annotation.ExceptionHandlerExceptionResolver [main] ControllerAdvice beans: 0 @ExceptionHandler, 1 ResponseBodyAdvice
2020-12-18 09:52:04,373 INFO org.springframework.web.servlet.FrameworkServlet [RMI TCP Connection(1)-127.0.0.1] Initializing Servlet 'dispatcherServlet'
2020-12-18 09:52:04,374 DEBUG org.springframework.web.servlet.DispatcherServlet [RMI TCP Connection(1)-127.0.0.1] Detected StandardServletMultipartResolver
2020-12-18 09:52:04,382 DEBUG org.springframework.web.servlet.FrameworkServlet [RMI TCP Connection(1)-127.0.0.1] enableLoggingRequestDetails='false': request parameters and headers will be masked to prevent unsafe logging of potentially sensitive data
2020-12-18 09:52:04,382 INFO org.springframework.web.servlet.FrameworkServlet [RMI TCP Connection(1)-127.0.0.1] Completed initialization in 8 ms
2020-12-18 09:52:21,912 DEBUG org.springframework.core.log.LogFormatUtils [http-nio-8080-exec-2] POST "/user", parameters={masked}
2020-12-18 09:52:21,916 DEBUG org.springframework.web.servlet.handler.AbstractHandlerMapping [http-nio-8080-exec-2] Mapped to public com.lifeimage.lite.ws.server.security.User com.lifeimage.lite.ws.server.controllers.UserController.login(java.lang.String,java.lang.String)
2020-12-18 09:52:21,993 DEBUG org.springframework.web.servlet.mvc.method.annotation.AbstractMessageConverterMethodProcessor [http-nio-8080-exec-2] Using 'application/json', given [*/*] and supported [application/json, application/*+json, application/json, application/*+json]
2020-12-18 09:52:21,994 DEBUG org.springframework.core.log.LogFormatUtils [http-nio-8080-exec-2] Writing [com.lifeimage.lite.ws.server.security.User@4eeb9248]
2020-12-18 09:52:22,001 DEBUG org.springframework.web.servlet.FrameworkServlet [http-nio-8080-exec-2] Completed 200 OK
2020-12-18 09:52:48,686 DEBUG org.springframework.core.log.LogFormatUtils [http-nio-8080-exec-4] POST "/li/lite/ws/transaction", parameters={}
2020-12-18 09:52:48,687 DEBUG org.springframework.web.servlet.handler.AbstractHandlerMapping [http-nio-8080-exec-4] Mapped to public com.lifeimage.lite.ws.server.beans.TransactionEntity com.lifeimage.lite.ws.server.controllers.TransactionController.createTransaction(com.lifeimage.lite.ws.server.beans.TransactionEntity)
2020-12-18 09:52:48,703 DEBUG org.springframework.core.log.LogFormatUtils [http-nio-8080-exec-4] Read "application/json;charset=UTF-8" to [com.lifeimage.lite.ws.server.beans.TransactionEntity@2d72ab00]
2020-12-18 09:52:48,796 DEBUG org.springframework.web.servlet.mvc.method.annotation.AbstractMessageConverterMethodProcessor [http-nio-8080-exec-4] Using 'application/json', given [*/*] and supported [application/json, application/*+json, application/json, application/*+json]
2020-12-18 09:52:48,797 DEBUG org.springframework.core.log.LogFormatUtils [http-nio-8080-exec-4] Writing [com.lifeimage.lite.ws.server.beans.TransactionEntity@2d72ab00]
2020-12-18 09:52:48,798 DEBUG org.springframework.web.servlet.FrameworkServlet [http-nio-8080-exec-4] Completed 200 OK
2020-12-18 09:53:51,846 DEBUG org.springframework.core.log.LogFormatUtils [http-nio-8080-exec-7] "ERROR" dispatch for POST "/error", parameters={}
2020-12-18 09:53:51,848 DEBUG org.springframework.web.servlet.handler.AbstractHandlerMapping [http-nio-8080-exec-7] Mapped to public org.springframework.http.ResponseEntity<java.util.Map<java.lang.String, java.lang.Object>> org.springframework.boot.autoconfigure.web.servlet.error.BasicErrorController.error(javax.servlet.http.HttpServletRequest)
2020-12-18 09:53:51,850 DEBUG org.springframework.web.servlet.mvc.method.annotation.AbstractMessageConverterMethodProcessor [http-nio-8080-exec-7] Using 'application/json', given [*/*] and supported [application/json, application/*+json, application/json, application/*+json]
2020-12-18 09:53:51,851 DEBUG org.springframework.core.log.LogFormatUtils [http-nio-8080-exec-7] Writing [{timestamp=Fri Dec 18 09:53:51 EST 2020, status=403, error=Forbidden, message=JWT expired at 2020-12 (truncated)...]
2020-12-18 09:53:51,854 DEBUG org.springframework.web.servlet.FrameworkServlet [http-nio-8080-exec-7] Exiting from "ERROR" dispatch, status 403
2020-12-18 09:57:10,632 DEBUG org.springframework.core.log.LogFormatUtils [http-nio-8080-exec-10] PUT "/li/lite/ws/transaction/7", parameters={}
2020-12-18 09:57:10,633 DEBUG org.springframework.web.servlet.handler.AbstractHandlerMapping [http-nio-8080-exec-10] Mapped to public org.springframework.http.ResponseEntity<com.lifeimage.lite.ws.server.beans.TransactionEntity> com.lifeimage.lite.ws.server.controllers.TransactionController.updateTransaction(java.lang.Long,com.lifeimage.lite.ws.server.beans.TransactionEntity) throws java.lang.Exception
2020-12-18 09:57:10,637 DEBUG org.springframework.core.log.LogFormatUtils [http-nio-8080-exec-10] Read "application/json;charset=UTF-8" to [com.lifeimage.lite.ws.server.beans.TransactionEntity@51b9322f]
2020-12-18 09:57:10,659 DEBUG org.springframework.web.servlet.mvc.method.annotation.AbstractMessageConverterMethodProcessor [http-nio-8080-exec-10] Using 'application/json', given [*/*] and supported [application/json, application/*+json, application/json, application/*+json]
2020-12-18 09:57:10,659 DEBUG org.springframework.core.log.LogFormatUtils [http-nio-8080-exec-10] Writing [com.lifeimage.lite.ws.server.beans.TransactionEntity@39ddf450]
2020-12-18 09:57:10,660 DEBUG org.springframework.web.servlet.FrameworkServlet [http-nio-8080-exec-10] Completed 200 OK
2020-12-18 10:06:42,354 DEBUG org.springframework.core.log.LogFormatUtils [http-nio-8080-exec-3] POST "/user", parameters={masked}
2020-12-18 10:06:42,355 DEBUG org.springframework.web.servlet.handler.AbstractHandlerMapping [http-nio-8080-exec-3] Mapped to public com.lifeimage.lite.ws.server.security.User com.lifeimage.lite.ws.server.controllers.UserController.login(java.lang.String,java.lang.String)
2020-12-18 10:06:42,356 DEBUG org.springframework.web.servlet.mvc.method.annotation.AbstractMessageConverterMethodProcessor [http-nio-8080-exec-3] Using 'application/json', given [*/*] and supported [application/json, application/*+json, application/json, application/*+json]
2020-12-18 10:06:42,357 DEBUG org.springframework.core.log.LogFormatUtils [http-nio-8080-exec-3] Writing [com.lifeimage.lite.ws.server.security.User@2bf2af89]
2020-12-18 10:06:42,358 DEBUG org.springframework.web.servlet.FrameworkServlet [http-nio-8080-exec-3] Completed 200 OK
2020-12-18 10:07:54,453 DEBUG org.springframework.core.log.LogFormatUtils [http-nio-8080-exec-6] POST "/li/lite/ws/transaction", parameters={}
2020-12-18 10:07:54,454 DEBUG org.springframework.web.servlet.handler.AbstractHandlerMapping [http-nio-8080-exec-6] Mapped to public com.lifeimage.lite.ws.server.beans.TransactionEntity com.lifeimage.lite.ws.server.controllers.TransactionController.createTransaction(com.lifeimage.lite.ws.server.beans.TransactionEntity)
2020-12-18 10:07:54,455 DEBUG org.springframework.core.log.LogFormatUtils [http-nio-8080-exec-6] Read "application/json;charset=UTF-8" to [com.lifeimage.lite.ws.server.beans.TransactionEntity@26063333]
2020-12-18 10:07:54,462 DEBUG org.springframework.web.servlet.mvc.method.annotation.AbstractMessageConverterMethodProcessor [http-nio-8080-exec-6] Using 'application/json', given [*/*] and supported [application/json, application/*+json, application/json, application/*+json]
2020-12-18 10:07:54,463 DEBUG org.springframework.core.log.LogFormatUtils [http-nio-8080-exec-6] Writing [com.lifeimage.lite.ws.server.beans.TransactionEntity@26063333]
2020-12-18 10:07:54,464 DEBUG org.springframework.web.servlet.FrameworkServlet [http-nio-8080-exec-6] Completed 200 OK
2020-12-18 10:20:34,435 DEBUG org.springframework.core.log.LogFormatUtils [http-nio-8080-exec-9] "ERROR" dispatch for PUT "/error", parameters={}
2020-12-18 10:20:34,436 DEBUG org.springframework.web.servlet.handler.AbstractHandlerMapping [http-nio-8080-exec-9] Mapped to public org.springframework.http.ResponseEntity<java.util.Map<java.lang.String, java.lang.Object>> org.springframework.boot.autoconfigure.web.servlet.error.BasicErrorController.error(javax.servlet.http.HttpServletRequest)
2020-12-18 10:20:34,437 DEBUG org.springframework.web.servlet.mvc.method.annotation.AbstractMessageConverterMethodProcessor [http-nio-8080-exec-9] Using 'application/json', given [*/*] and supported [application/json, application/*+json, application/json, application/*+json]
2020-12-18 10:20:34,438 DEBUG org.springframework.core.log.LogFormatUtils [http-nio-8080-exec-9] Writing [{timestamp=Fri Dec 18 10:20:34 EST 2020, status=403, error=Forbidden, message=JWT expired at 2020-12 (truncated)...]
2020-12-18 10:20:34,439 DEBUG org.springframework.web.servlet.FrameworkServlet [http-nio-8080-exec-9] Exiting from "ERROR" dispatch, status 403
2020-12-18 10:20:52,362 DEBUG org.springframework.core.log.LogFormatUtils [http-nio-8080-exec-10] "ERROR" dispatch for PUT "/error", parameters={}
2020-12-18 10:20:52,364 DEBUG org.springframework.web.servlet.handler.AbstractHandlerMapping [http-nio-8080-exec-10] Mapped to public org.springframework.http.ResponseEntity<java.util.Map<java.lang.String, java.lang.Object>> org.springframework.boot.autoconfigure.web.servlet.error.BasicErrorController.error(javax.servlet.http.HttpServletRequest)
2020-12-18 10:20:52,365 DEBUG org.springframework.web.servlet.mvc.method.annotation.AbstractMessageConverterMethodProcessor [http-nio-8080-exec-10] Using 'application/json', given [*/*] and supported [application/json, application/*+json, application/json, application/*+json]
2020-12-18 10:20:52,365 DEBUG org.springframework.core.log.LogFormatUtils [http-nio-8080-exec-10] Writing [{timestamp=Fri Dec 18 10:20:52 EST 2020, status=403, error=Forbidden, message=JWT expired at 2020-12 (truncated)...]
2020-12-18 10:20:52,367 DEBUG org.springframework.web.servlet.FrameworkServlet [http-nio-8080-exec-10] Exiting from "ERROR" dispatch, status 403
2020-12-18 10:22:35,791 DEBUG org.springframework.core.log.LogFormatUtils [http-nio-8080-exec-3] "ERROR" dispatch for POST "/error", parameters={}
2020-12-18 10:22:35,792 DEBUG org.springframework.web.servlet.handler.AbstractHandlerMapping [http-nio-8080-exec-3] Mapped to public org.springframework.http.ResponseEntity<java.util.Map<java.lang.String, java.lang.Object>> org.springframework.boot.autoconfigure.web.servlet.error.BasicErrorController.error(javax.servlet.http.HttpServletRequest)
2020-12-18 10:22:35,793 DEBUG org.springframework.web.servlet.mvc.method.annotation.AbstractMessageConverterMethodProcessor [http-nio-8080-exec-3] Using 'application/json', given [*/*] and supported [application/json, application/*+json, application/json, application/*+json]
2020-12-18 10:22:35,794 DEBUG org.springframework.core.log.LogFormatUtils [http-nio-8080-exec-3] Writing [{timestamp=Fri Dec 18 10:22:35 EST 2020, status=403, error=Forbidden, message=JWT expired at 2020-12 (truncated)...]
2020-12-18 10:22:35,795 DEBUG org.springframework.web.servlet.FrameworkServlet [http-nio-8080-exec-3] Exiting from "ERROR" dispatch, status 403
2020-12-18 10:22:43,790 DEBUG org.springframework.core.log.LogFormatUtils [http-nio-8080-exec-4] POST "/user", parameters={masked}
2020-12-18 10:22:43,791 DEBUG org.springframework.web.servlet.handler.AbstractHandlerMapping [http-nio-8080-exec-4] Mapped to public com.lifeimage.lite.ws.server.security.User com.lifeimage.lite.ws.server.controllers.UserController.login(java.lang.String,java.lang.String)
2020-12-18 10:22:43,794 DEBUG org.springframework.web.servlet.mvc.method.annotation.AbstractMessageConverterMethodProcessor [http-nio-8080-exec-4] Using 'application/json', given [*/*] and supported [application/json, application/*+json, application/json, application/*+json]
2020-12-18 10:22:43,795 DEBUG org.springframework.core.log.LogFormatUtils [http-nio-8080-exec-4] Writing [com.lifeimage.lite.ws.server.security.User@7df4efa7]
2020-12-18 10:22:43,797 DEBUG org.springframework.web.servlet.FrameworkServlet [http-nio-8080-exec-4] Completed 200 OK
2020-12-18 10:23:06,998 DEBUG org.springframework.core.log.LogFormatUtils [http-nio-8080-exec-5] POST "/li/lite/ws/email", parameters={}
2020-12-18 10:23:06,999 DEBUG org.springframework.web.servlet.handler.AbstractHandlerMapping [http-nio-8080-exec-5] Mapped to public java.lang.String com.lifeimage.lite.ws.server.controllers.EmailController.sendMail(com.lifeimage.lite.ws.server.beans.EmailEntity)
2020-12-18 10:23:07,001 DEBUG org.springframework.core.log.LogFormatUtils [http-nio-8080-exec-5] Read "application/json;charset=UTF-8" to [com.lifeimage.lite.ws.server.beans.EmailEntity@1936f1a7]
2020-12-18 10:23:07,370 DEBUG org.springframework.web.servlet.mvc.method.annotation.AbstractMessageConverterMethodProcessor [http-nio-8080-exec-5] Using 'text/plain', given [*/*] and supported [text/plain, */*, text/plain, */*, application/json, application/*+json, application/json, application/*+json]
2020-12-18 10:23:07,370 DEBUG org.springframework.core.log.LogFormatUtils [http-nio-8080-exec-5] Writing ["email is sent"]
2020-12-18 10:23:07,372 DEBUG org.springframework.web.servlet.FrameworkServlet [http-nio-8080-exec-5] Completed 200 OK
