2020-12-21 10:34:49,520 DEBUG org.springframework.boot.web.servlet.context.ServletWebServerApplicationContext [main] Published root WebApplicationContext as ServletContext attribute with name [org.springframework.web.context.WebApplicationContext.ROOT]
2020-12-21 10:34:49,522 INFO org.springframework.boot.web.servlet.context.ServletWebServerApplicationContext [main] Root WebApplicationContext: initialization completed in 1089 ms
2020-12-21 10:34:50,949 DEBUG org.springframework.web.servlet.handler.SimpleUrlHandlerMapping [main] Patterns [/**/favicon.ico] in 'faviconHandlerMapping'
2020-12-21 10:34:51,044 DEBUG org.springframework.web.servlet.mvc.method.annotation.RequestMappingHandlerAdapter [main] ControllerAdvice beans: 0 @ModelAttribute, 0 @InitBinder, 1 RequestBodyAdvice, 1 ResponseBodyAdvice
2020-12-21 10:34:51,060 WARN org.springframework.boot.autoconfigure.orm.jpa.JpaBaseConfiguration$JpaWebConfiguration$JpaWebMvcConfiguration [main] spring.jpa.open-in-view is enabled by default. Therefore, database queries may be performed during view rendering. Explicitly configure spring.jpa.open-in-view to disable this warning
2020-12-21 10:34:51,086 DEBUG org.springframework.web.servlet.handler.AbstractHandlerMethodMapping [main] 15 mappings in 'requestMappingHandlerMapping'
2020-12-21 10:34:51,095 DEBUG org.springframework.web.servlet.handler.SimpleUrlHandlerMapping [main] Patterns [/webjars/**, /**] in 'resourceHandlerMapping'
2020-12-21 10:34:51,103 DEBUG org.springframework.web.servlet.mvc.method.annotation.ExceptionHandlerExceptionResolver [main] ControllerAdvice beans: 0 @ExceptionHandler, 1 ResponseBodyAdvice
2020-12-21 10:34:51,494 INFO org.springframework.web.servlet.FrameworkServlet [RMI TCP Connection(1)-127.0.0.1] Initializing Servlet 'dispatcherServlet'
2020-12-21 10:34:51,495 DEBUG org.springframework.web.servlet.DispatcherServlet [RMI TCP Connection(1)-127.0.0.1] Detected StandardServletMultipartResolver
2020-12-21 10:34:51,503 DEBUG org.springframework.web.servlet.FrameworkServlet [RMI TCP Connection(1)-127.0.0.1] enableLoggingRequestDetails='false': request parameters and headers will be masked to prevent unsafe logging of potentially sensitive data
2020-12-21 10:34:51,503 INFO org.springframework.web.servlet.FrameworkServlet [RMI TCP Connection(1)-127.0.0.1] Completed initialization in 8 ms
2020-12-21 10:34:59,382 DEBUG org.springframework.core.log.LogFormatUtils [http-nio-8080-exec-2] POST "/user", parameters={masked}
2020-12-21 10:34:59,386 DEBUG org.springframework.web.servlet.handler.AbstractHandlerMapping [http-nio-8080-exec-2] Mapped to public com.lifeimage.lite.ws.server.security.User com.lifeimage.lite.ws.server.controllers.UserController.login(java.lang.String,java.lang.String)
2020-12-21 10:34:59,462 DEBUG org.springframework.web.servlet.mvc.method.annotation.AbstractMessageConverterMethodProcessor [http-nio-8080-exec-2] Using 'application/json', given [*/*] and supported [application/json, application/*+json, application/json, application/*+json]
2020-12-21 10:34:59,463 DEBUG org.springframework.core.log.LogFormatUtils [http-nio-8080-exec-2] Writing [com.lifeimage.lite.ws.server.security.User@5b91070b]
2020-12-21 10:34:59,470 DEBUG org.springframework.web.servlet.FrameworkServlet [http-nio-8080-exec-2] Completed 200 OK
2020-12-21 10:35:24,234 DEBUG org.springframework.core.log.LogFormatUtils [http-nio-8080-exec-3] GET "/li/lite/ws/transactions", parameters={}
2020-12-21 10:35:24,235 DEBUG org.springframework.web.servlet.handler.AbstractHandlerMapping [http-nio-8080-exec-3] Mapped to public java.util.List<com.lifeimage.lite.ws.server.beans.TransactionEntity> com.lifeimage.lite.ws.server.controllers.TransactionController.getTransactions(com.lifeimage.lite.ws.server.beans.TransactionEntity)
2020-12-21 10:35:24,251 DEBUG org.springframework.web.method.support.InvocableHandlerMethod [http-nio-8080-exec-3] Could not resolve parameter [0] in public java.util.List<com.lifeimage.lite.ws.server.beans.TransactionEntity> com.lifeimage.lite.ws.server.controllers.TransactionController.getTransactions(com.lifeimage.lite.ws.server.beans.TransactionEntity): JSON parse error: Cannot construct instance of `com.lifeimage.lite.ws.server.beans.TransactionEntity` (although at least one Creator exists): no String-argument constructor/factory method to deserialize from String value ('instanceUid'); nested exception is com.fasterxml.jackson.databind.exc.MismatchedInputException: Cannot construct instance of `com.lifeimage.lite.ws.server.beans.TransactionEntity` (although at least one Creator exists): no String-argument constructor/factory method to deserialize from String value ('instanceUid')
 at [Source: (PushbackInputStream); line: 1, column: 1]
2020-12-21 10:35:24,255 WARN org.springframework.web.servlet.handler.AbstractHandlerExceptionResolver [http-nio-8080-exec-3] Resolved [org.springframework.http.converter.HttpMessageNotReadableException: JSON parse error: Cannot construct instance of `com.lifeimage.lite.ws.server.beans.TransactionEntity` (although at least one Creator exists): no String-argument constructor/factory method to deserialize from String value ('instanceUid'); nested exception is com.fasterxml.jackson.databind.exc.MismatchedInputException: Cannot construct instance of `com.lifeimage.lite.ws.server.beans.TransactionEntity` (although at least one Creator exists): no String-argument constructor/factory method to deserialize from String value ('instanceUid')
 at [Source: (PushbackInputStream); line: 1, column: 1]]
2020-12-21 10:35:24,255 DEBUG org.springframework.web.servlet.FrameworkServlet [http-nio-8080-exec-3] Completed 400 BAD_REQUEST
2020-12-21 10:35:24,258 DEBUG org.springframework.core.log.LogFormatUtils [http-nio-8080-exec-3] "ERROR" dispatch for GET "/error", parameters={}
2020-12-21 10:35:24,260 DEBUG org.springframework.web.servlet.handler.AbstractHandlerMapping [http-nio-8080-exec-3] Mapped to public org.springframework.http.ResponseEntity<java.util.Map<java.lang.String, java.lang.Object>> org.springframework.boot.autoconfigure.web.servlet.error.BasicErrorController.error(javax.servlet.http.HttpServletRequest)
2020-12-21 10:35:24,262 DEBUG org.springframework.web.servlet.mvc.method.annotation.AbstractMessageConverterMethodProcessor [http-nio-8080-exec-3] Using 'application/json', given [*/*] and supported [application/json, application/*+json, application/json, application/*+json]
2020-12-21 10:35:24,263 DEBUG org.springframework.core.log.LogFormatUtils [http-nio-8080-exec-3] Writing [{timestamp=Mon Dec 21 10:35:24 EST 2020, status=400, error=Bad Request, message=JSON parse error: Ca (truncated)...]
2020-12-21 10:35:24,266 DEBUG org.springframework.web.servlet.FrameworkServlet [http-nio-8080-exec-3] Exiting from "ERROR" dispatch, status 400
2020-12-21 10:36:31,228 DEBUG org.springframework.core.log.LogFormatUtils [http-nio-8080-exec-5] POST "/li/lite/ws/transaction", parameters={}
2020-12-21 10:36:31,228 DEBUG org.springframework.web.servlet.handler.AbstractHandlerMapping [http-nio-8080-exec-5] Mapped to public com.lifeimage.lite.ws.server.beans.TransactionEntity com.lifeimage.lite.ws.server.controllers.TransactionController.createTransaction(com.lifeimage.lite.ws.server.beans.TransactionEntity)
2020-12-21 10:36:31,230 DEBUG org.springframework.core.log.LogFormatUtils [http-nio-8080-exec-5] Read "application/json;charset=UTF-8" to [com.lifeimage.lite.ws.server.beans.TransactionEntity@4c3e96]
2020-12-21 10:36:31,324 DEBUG org.springframework.web.servlet.mvc.method.annotation.AbstractMessageConverterMethodProcessor [http-nio-8080-exec-5] Using 'application/json', given [*/*] and supported [application/json, application/*+json, application/json, application/*+json]
2020-12-21 10:36:31,325 DEBUG org.springframework.core.log.LogFormatUtils [http-nio-8080-exec-5] Writing [com.lifeimage.lite.ws.server.beans.TransactionEntity@4c3e96]
2020-12-21 10:36:31,326 DEBUG org.springframework.web.servlet.FrameworkServlet [http-nio-8080-exec-5] Completed 200 OK
2020-12-21 10:37:55,965 DEBUG org.springframework.boot.web.servlet.context.ServletWebServerApplicationContext [main] Published root WebApplicationContext as ServletContext attribute with name [org.springframework.web.context.WebApplicationContext.ROOT]
2020-12-21 10:37:55,966 INFO org.springframework.boot.web.servlet.context.ServletWebServerApplicationContext [main] Root WebApplicationContext: initialization completed in 1186 ms
2020-12-21 10:37:57,516 DEBUG org.springframework.web.servlet.handler.SimpleUrlHandlerMapping [main] Patterns [/**/favicon.ico] in 'faviconHandlerMapping'
2020-12-21 10:37:57,638 DEBUG org.springframework.web.servlet.mvc.method.annotation.RequestMappingHandlerAdapter [main] ControllerAdvice beans: 0 @ModelAttribute, 0 @InitBinder, 1 RequestBodyAdvice, 1 ResponseBodyAdvice
2020-12-21 10:37:57,654 WARN org.springframework.boot.autoconfigure.orm.jpa.JpaBaseConfiguration$JpaWebConfiguration$JpaWebMvcConfiguration [main] spring.jpa.open-in-view is enabled by default. Therefore, database queries may be performed during view rendering. Explicitly configure spring.jpa.open-in-view to disable this warning
2020-12-21 10:37:57,681 DEBUG org.springframework.web.servlet.handler.AbstractHandlerMethodMapping [main] 15 mappings in 'requestMappingHandlerMapping'
2020-12-21 10:37:57,691 DEBUG org.springframework.web.servlet.handler.SimpleUrlHandlerMapping [main] Patterns [/webjars/**, /**] in 'resourceHandlerMapping'
2020-12-21 10:37:57,698 DEBUG org.springframework.web.servlet.mvc.method.annotation.ExceptionHandlerExceptionResolver [main] ControllerAdvice beans: 0 @ExceptionHandler, 1 ResponseBodyAdvice
2020-12-21 10:38:00,033 INFO org.springframework.web.servlet.FrameworkServlet [RMI TCP Connection(1)-127.0.0.1] Initializing Servlet 'dispatcherServlet'
2020-12-21 10:38:00,034 DEBUG org.springframework.web.servlet.DispatcherServlet [RMI TCP Connection(1)-127.0.0.1] Detected StandardServletMultipartResolver
2020-12-21 10:38:00,041 DEBUG org.springframework.web.servlet.FrameworkServlet [RMI TCP Connection(1)-127.0.0.1] enableLoggingRequestDetails='false': request parameters and headers will be masked to prevent unsafe logging of potentially sensitive data
2020-12-21 10:38:00,042 INFO org.springframework.web.servlet.FrameworkServlet [RMI TCP Connection(1)-127.0.0.1] Completed initialization in 8 ms
2020-12-21 10:38:08,858 DEBUG org.springframework.core.log.LogFormatUtils [http-nio-8080-exec-2] POST "/user", parameters={masked}
2020-12-21 10:38:08,862 DEBUG org.springframework.web.servlet.handler.AbstractHandlerMapping [http-nio-8080-exec-2] Mapped to public com.lifeimage.lite.ws.server.security.User com.lifeimage.lite.ws.server.controllers.UserController.login(java.lang.String,java.lang.String)
2020-12-21 10:38:08,940 DEBUG org.springframework.web.servlet.mvc.method.annotation.AbstractMessageConverterMethodProcessor [http-nio-8080-exec-2] Using 'application/json', given [*/*] and supported [application/json, application/*+json, application/json, application/*+json]
2020-12-21 10:38:08,940 DEBUG org.springframework.core.log.LogFormatUtils [http-nio-8080-exec-2] Writing [com.lifeimage.lite.ws.server.security.User@48f29a10]
2020-12-21 10:38:08,948 DEBUG org.springframework.web.servlet.FrameworkServlet [http-nio-8080-exec-2] Completed 200 OK
2020-12-21 10:38:42,454 DEBUG org.springframework.core.log.LogFormatUtils [http-nio-8080-exec-3] GET "/li/lite/ws/transactions", parameters={}
2020-12-21 10:38:42,456 DEBUG org.springframework.web.servlet.handler.AbstractHandlerMapping [http-nio-8080-exec-3] Mapped to public java.util.List<com.lifeimage.lite.ws.server.beans.TransactionEntity> com.lifeimage.lite.ws.server.controllers.TransactionController.getTransactions(com.lifeimage.lite.ws.server.beans.TransactionEntity)
2020-12-21 10:38:42,478 DEBUG org.springframework.web.method.support.InvocableHandlerMethod [http-nio-8080-exec-3] Could not resolve parameter [0] in public java.util.List<com.lifeimage.lite.ws.server.beans.TransactionEntity> com.lifeimage.lite.ws.server.controllers.TransactionController.getTransactions(com.lifeimage.lite.ws.server.beans.TransactionEntity): JSON parse error: Cannot construct instance of `com.lifeimage.lite.ws.server.beans.TransactionEntity` (although at least one Creator exists): no String-argument constructor/factory method to deserialize from String value ('instanceUid'); nested exception is com.fasterxml.jackson.databind.exc.MismatchedInputException: Cannot construct instance of `com.lifeimage.lite.ws.server.beans.TransactionEntity` (although at least one Creator exists): no String-argument constructor/factory method to deserialize from String value ('instanceUid')
 at [Source: (PushbackInputStream); line: 1, column: 1]
2020-12-21 10:38:42,482 WARN org.springframework.web.servlet.handler.AbstractHandlerExceptionResolver [http-nio-8080-exec-3] Resolved [org.springframework.http.converter.HttpMessageNotReadableException: JSON parse error: Cannot construct instance of `com.lifeimage.lite.ws.server.beans.TransactionEntity` (although at least one Creator exists): no String-argument constructor/factory method to deserialize from String value ('instanceUid'); nested exception is com.fasterxml.jackson.databind.exc.MismatchedInputException: Cannot construct instance of `com.lifeimage.lite.ws.server.beans.TransactionEntity` (although at least one Creator exists): no String-argument constructor/factory method to deserialize from String value ('instanceUid')
 at [Source: (PushbackInputStream); line: 1, column: 1]]
2020-12-21 10:38:42,482 DEBUG org.springframework.web.servlet.FrameworkServlet [http-nio-8080-exec-3] Completed 400 BAD_REQUEST
2020-12-21 10:38:42,486 DEBUG org.springframework.core.log.LogFormatUtils [http-nio-8080-exec-3] "ERROR" dispatch for GET "/error", parameters={}
2020-12-21 10:38:42,489 DEBUG org.springframework.web.servlet.handler.AbstractHandlerMapping [http-nio-8080-exec-3] Mapped to public org.springframework.http.ResponseEntity<java.util.Map<java.lang.String, java.lang.Object>> org.springframework.boot.autoconfigure.web.servlet.error.BasicErrorController.error(javax.servlet.http.HttpServletRequest)
2020-12-21 10:38:42,493 DEBUG org.springframework.web.servlet.mvc.method.annotation.AbstractMessageConverterMethodProcessor [http-nio-8080-exec-3] Using 'application/json', given [*/*] and supported [application/json, application/*+json, application/json, application/*+json]
2020-12-21 10:38:42,494 DEBUG org.springframework.core.log.LogFormatUtils [http-nio-8080-exec-3] Writing [{timestamp=Mon Dec 21 10:38:42 EST 2020, status=400, error=Bad Request, message=JSON parse error: Ca (truncated)...]
2020-12-21 10:38:42,497 DEBUG org.springframework.web.servlet.FrameworkServlet [http-nio-8080-exec-3] Exiting from "ERROR" dispatch, status 400
2020-12-21 10:41:49,478 DEBUG org.springframework.core.log.LogFormatUtils [http-nio-8080-exec-5] GET "/li/lite/ws/transactions", parameters={}
2020-12-21 10:41:49,480 DEBUG org.springframework.web.servlet.handler.AbstractHandlerMapping [http-nio-8080-exec-5] Mapped to public java.util.List<com.lifeimage.lite.ws.server.beans.TransactionEntity> com.lifeimage.lite.ws.server.controllers.TransactionController.getTransactions(com.lifeimage.lite.ws.server.beans.TransactionEntity)
2020-12-21 10:41:49,482 DEBUG org.springframework.core.log.LogFormatUtils [http-nio-8080-exec-5] Read "application/json;charset=UTF-8" to [com.lifeimage.lite.ws.server.beans.TransactionEntity@459928e7]
2020-12-21 10:42:21,682 DEBUG org.springframework.web.servlet.mvc.method.annotation.AbstractMessageConverterMethodProcessor [http-nio-8080-exec-5] Using 'application/json', given [*/*] and supported [application/json, application/*+json, application/json, application/*+json]
2020-12-21 10:42:21,683 DEBUG org.springframework.core.log.LogFormatUtils [http-nio-8080-exec-5] Writing [[com.lifeimage.lite.ws.server.beans.TransactionEntity@31f7d986, com.lifeimage.lite.ws.server.beans.T (truncated)...]
2020-12-21 10:42:21,692 DEBUG org.springframework.web.servlet.FrameworkServlet [http-nio-8080-exec-5] Completed 200 OK
2020-12-21 10:47:44,021 DEBUG org.springframework.boot.web.servlet.context.ServletWebServerApplicationContext [main] Published root WebApplicationContext as ServletContext attribute with name [org.springframework.web.context.WebApplicationContext.ROOT]
2020-12-21 10:47:44,022 INFO org.springframework.boot.web.servlet.context.ServletWebServerApplicationContext [main] Root WebApplicationContext: initialization completed in 1320 ms
2020-12-21 10:47:45,596 DEBUG org.springframework.web.servlet.handler.SimpleUrlHandlerMapping [main] Patterns [/**/favicon.ico] in 'faviconHandlerMapping'
2020-12-21 10:47:45,717 DEBUG org.springframework.web.servlet.mvc.method.annotation.RequestMappingHandlerAdapter [main] ControllerAdvice beans: 0 @ModelAttribute, 0 @InitBinder, 1 RequestBodyAdvice, 1 ResponseBodyAdvice
2020-12-21 10:47:45,734 WARN org.springframework.boot.autoconfigure.orm.jpa.JpaBaseConfiguration$JpaWebConfiguration$JpaWebMvcConfiguration [main] spring.jpa.open-in-view is enabled by default. Therefore, database queries may be performed during view rendering. Explicitly configure spring.jpa.open-in-view to disable this warning
2020-12-21 10:47:45,760 DEBUG org.springframework.web.servlet.handler.AbstractHandlerMethodMapping [main] 15 mappings in 'requestMappingHandlerMapping'
2020-12-21 10:47:45,770 DEBUG org.springframework.web.servlet.handler.SimpleUrlHandlerMapping [main] Patterns [/webjars/**, /**] in 'resourceHandlerMapping'
2020-12-21 10:47:45,777 DEBUG org.springframework.web.servlet.mvc.method.annotation.ExceptionHandlerExceptionResolver [main] ControllerAdvice beans: 0 @ExceptionHandler, 1 ResponseBodyAdvice
2020-12-21 10:47:46,523 INFO org.springframework.web.servlet.FrameworkServlet [RMI TCP Connection(1)-127.0.0.1] Initializing Servlet 'dispatcherServlet'
2020-12-21 10:47:46,524 DEBUG org.springframework.web.servlet.DispatcherServlet [RMI TCP Connection(1)-127.0.0.1] Detected StandardServletMultipartResolver
2020-12-21 10:47:46,531 DEBUG org.springframework.web.servlet.FrameworkServlet [RMI TCP Connection(1)-127.0.0.1] enableLoggingRequestDetails='false': request parameters and headers will be masked to prevent unsafe logging of potentially sensitive data
2020-12-21 10:47:46,531 INFO org.springframework.web.servlet.FrameworkServlet [RMI TCP Connection(1)-127.0.0.1] Completed initialization in 7 ms
2020-12-21 10:48:08,136 DEBUG org.springframework.core.log.LogFormatUtils [http-nio-8080-exec-3] POST "/user", parameters={masked}
2020-12-21 10:48:08,140 DEBUG org.springframework.web.servlet.handler.AbstractHandlerMapping [http-nio-8080-exec-3] Mapped to public com.lifeimage.lite.ws.server.security.User com.lifeimage.lite.ws.server.controllers.UserController.login(java.lang.String,java.lang.String)
2020-12-21 10:48:08,175 DEBUG org.springframework.web.servlet.mvc.method.annotation.AbstractMessageConverterMethodProcessor [http-nio-8080-exec-3] Using 'application/json', given [*/*] and supported [application/json, application/*+json, application/json, application/*+json]
2020-12-21 10:48:08,176 DEBUG org.springframework.core.log.LogFormatUtils [http-nio-8080-exec-3] Writing [com.lifeimage.lite.ws.server.security.User@5846853]
2020-12-21 10:48:08,182 DEBUG org.springframework.web.servlet.FrameworkServlet [http-nio-8080-exec-3] Completed 200 OK
2020-12-21 10:48:21,841 DEBUG org.springframework.core.log.LogFormatUtils [http-nio-8080-exec-4] POST "/li/lite/ws/transaction", parameters={}
2020-12-21 10:48:21,842 DEBUG org.springframework.web.servlet.handler.AbstractHandlerMapping [http-nio-8080-exec-4] Mapped to public com.lifeimage.lite.ws.server.beans.TransactionEntity com.lifeimage.lite.ws.server.controllers.TransactionController.createTransaction(com.lifeimage.lite.ws.server.beans.TransactionEntity)
2020-12-21 10:48:21,859 DEBUG org.springframework.core.log.LogFormatUtils [http-nio-8080-exec-4] Read "application/json;charset=UTF-8" to [com.lifeimage.lite.ws.server.beans.TransactionEntity@3db64d84]
2020-12-21 11:00:32,140 DEBUG org.springframework.web.servlet.mvc.method.annotation.AbstractMessageConverterMethodProcessor [http-nio-8080-exec-4] Using 'application/json', given [*/*] and supported [application/json, application/*+json, application/json, application/*+json]
2020-12-21 11:00:32,141 DEBUG org.springframework.core.log.LogFormatUtils [http-nio-8080-exec-4] Writing [com.lifeimage.lite.ws.server.beans.TransactionEntity@3db64d84]
2020-12-21 11:00:32,143 DEBUG org.springframework.web.servlet.FrameworkServlet [http-nio-8080-exec-4] Completed 200 OK
2020-12-21 11:00:40,122 DEBUG org.springframework.core.log.LogFormatUtils [http-nio-8080-exec-5] "ERROR" dispatch for POST "/error", parameters={}
2020-12-21 11:00:40,125 DEBUG org.springframework.web.servlet.handler.AbstractHandlerMapping [http-nio-8080-exec-5] Mapped to public org.springframework.http.ResponseEntity<java.util.Map<java.lang.String, java.lang.Object>> org.springframework.boot.autoconfigure.web.servlet.error.BasicErrorController.error(javax.servlet.http.HttpServletRequest)
2020-12-21 11:00:40,128 DEBUG org.springframework.web.servlet.mvc.method.annotation.AbstractMessageConverterMethodProcessor [http-nio-8080-exec-5] Using 'application/json', given [*/*] and supported [application/json, application/*+json, application/json, application/*+json]
2020-12-21 11:00:40,128 DEBUG org.springframework.core.log.LogFormatUtils [http-nio-8080-exec-5] Writing [{timestamp=Mon Dec 21 11:00:40 EST 2020, status=403, error=Forbidden, message=JWT expired at 2020-12 (truncated)...]
2020-12-21 11:00:40,132 DEBUG org.springframework.web.servlet.FrameworkServlet [http-nio-8080-exec-5] Exiting from "ERROR" dispatch, status 403
2020-12-21 11:01:02,462 DEBUG org.springframework.core.log.LogFormatUtils [http-nio-8080-exec-6] POST "/user", parameters={masked}
2020-12-21 11:01:02,463 DEBUG org.springframework.web.servlet.handler.AbstractHandlerMapping [http-nio-8080-exec-6] Mapped to public com.lifeimage.lite.ws.server.security.User com.lifeimage.lite.ws.server.controllers.UserController.login(java.lang.String,java.lang.String)
2020-12-21 11:01:02,466 DEBUG org.springframework.web.servlet.mvc.method.annotation.AbstractMessageConverterMethodProcessor [http-nio-8080-exec-6] Using 'application/json', given [*/*] and supported [application/json, application/*+json, application/json, application/*+json]
2020-12-21 11:01:02,467 DEBUG org.springframework.core.log.LogFormatUtils [http-nio-8080-exec-6] Writing [com.lifeimage.lite.ws.server.security.User@29c3341c]
2020-12-21 11:01:02,469 DEBUG org.springframework.web.servlet.FrameworkServlet [http-nio-8080-exec-6] Completed 200 OK
2020-12-21 11:01:16,896 DEBUG org.springframework.core.log.LogFormatUtils [http-nio-8080-exec-7] POST "/li/lite/ws/transaction", parameters={}
2020-12-21 11:01:16,897 DEBUG org.springframework.web.servlet.handler.AbstractHandlerMapping [http-nio-8080-exec-7] Mapped to public com.lifeimage.lite.ws.server.beans.TransactionEntity com.lifeimage.lite.ws.server.controllers.TransactionController.createTransaction(com.lifeimage.lite.ws.server.beans.TransactionEntity)
2020-12-21 11:01:16,898 DEBUG org.springframework.core.log.LogFormatUtils [http-nio-8080-exec-7] Read "application/json;charset=UTF-8" to [com.lifeimage.lite.ws.server.beans.TransactionEntity@3e1d7a39]
2020-12-21 11:04:45,318 DEBUG org.springframework.boot.web.servlet.context.ServletWebServerApplicationContext [main] Published root WebApplicationContext as ServletContext attribute with name [org.springframework.web.context.WebApplicationContext.ROOT]
2020-12-21 11:04:45,319 INFO org.springframework.boot.web.servlet.context.ServletWebServerApplicationContext [main] Root WebApplicationContext: initialization completed in 1203 ms
2020-12-21 11:04:46,863 DEBUG org.springframework.web.servlet.handler.SimpleUrlHandlerMapping [main] Patterns [/**/favicon.ico] in 'faviconHandlerMapping'
2020-12-21 11:04:46,980 DEBUG org.springframework.web.servlet.mvc.method.annotation.RequestMappingHandlerAdapter [main] ControllerAdvice beans: 0 @ModelAttribute, 0 @InitBinder, 1 RequestBodyAdvice, 1 ResponseBodyAdvice
2020-12-21 11:04:46,995 WARN org.springframework.boot.autoconfigure.orm.jpa.JpaBaseConfiguration$JpaWebConfiguration$JpaWebMvcConfiguration [main] spring.jpa.open-in-view is enabled by default. Therefore, database queries may be performed during view rendering. Explicitly configure spring.jpa.open-in-view to disable this warning
2020-12-21 11:04:47,022 DEBUG org.springframework.web.servlet.handler.AbstractHandlerMethodMapping [main] 15 mappings in 'requestMappingHandlerMapping'
2020-12-21 11:04:47,031 DEBUG org.springframework.web.servlet.handler.SimpleUrlHandlerMapping [main] Patterns [/webjars/**, /**] in 'resourceHandlerMapping'
2020-12-21 11:04:47,038 DEBUG org.springframework.web.servlet.mvc.method.annotation.ExceptionHandlerExceptionResolver [main] ControllerAdvice beans: 0 @ExceptionHandler, 1 ResponseBodyAdvice
2020-12-21 11:04:49,032 INFO org.springframework.web.servlet.FrameworkServlet [RMI TCP Connection(1)-127.0.0.1] Initializing Servlet 'dispatcherServlet'
2020-12-21 11:04:49,033 DEBUG org.springframework.web.servlet.DispatcherServlet [RMI TCP Connection(1)-127.0.0.1] Detected StandardServletMultipartResolver
2020-12-21 11:04:49,040 DEBUG org.springframework.web.servlet.FrameworkServlet [RMI TCP Connection(1)-127.0.0.1] enableLoggingRequestDetails='false': request parameters and headers will be masked to prevent unsafe logging of potentially sensitive data
2020-12-21 11:04:49,041 INFO org.springframework.web.servlet.FrameworkServlet [RMI TCP Connection(1)-127.0.0.1] Completed initialization in 8 ms
2020-12-21 11:05:35,983 DEBUG org.springframework.core.log.LogFormatUtils [http-nio-8080-exec-2] POST "/user", parameters={masked}
2020-12-21 11:05:35,987 DEBUG org.springframework.web.servlet.handler.AbstractHandlerMapping [http-nio-8080-exec-2] Mapped to public com.lifeimage.lite.ws.server.security.User com.lifeimage.lite.ws.server.controllers.UserController.login(java.lang.String,java.lang.String)
2020-12-21 11:05:36,064 DEBUG org.springframework.web.servlet.mvc.method.annotation.AbstractMessageConverterMethodProcessor [http-nio-8080-exec-2] Using 'application/json', given [*/*] and supported [application/json, application/*+json, application/json, application/*+json]
2020-12-21 11:05:36,065 DEBUG org.springframework.core.log.LogFormatUtils [http-nio-8080-exec-2] Writing [com.lifeimage.lite.ws.server.security.User@65eafdc8]
2020-12-21 11:05:36,072 DEBUG org.springframework.web.servlet.FrameworkServlet [http-nio-8080-exec-2] Completed 200 OK
2020-12-21 11:06:04,758 DEBUG org.springframework.core.log.LogFormatUtils [http-nio-8080-exec-3] POST "/li/lite/ws/transaction", parameters={}
2020-12-21 11:06:04,760 DEBUG org.springframework.web.servlet.handler.AbstractHandlerMapping [http-nio-8080-exec-3] Mapped to public com.lifeimage.lite.ws.server.beans.TransactionEntity com.lifeimage.lite.ws.server.controllers.TransactionController.createTransaction(com.lifeimage.lite.ws.server.beans.TransactionEntity)
2020-12-21 11:06:04,776 DEBUG org.springframework.core.log.LogFormatUtils [http-nio-8080-exec-3] Read "application/json;charset=UTF-8" to [com.lifeimage.lite.ws.server.beans.TransactionEntity@4bf9ae92]
